Using pre-set license
Built from '2021.3/staging' branch; Version is '2021.3.8f1 (b30333d56e81) revision 11731763'; Using compiler version '192829333'; Build Type 'Release'
OS: 'Windows 10  (10.0.19045) 64bit Core' Language: 'en' Physical Memory: 32711 MB
BatchMode: 1, IsHumanControllingUs: 0, StartBugReporterOnCrash: 0, Is64bit: 1, IsPro: 1

COMMAND LINE ARGUMENTS:
C:\Program Files\Unity\Hub\Editor\2021.3.8f1\Editor\Unity.exe
-adb2
-batchMode
-noUpm
-name
AssetImportWorker6
-projectPath
D:/Unity-Gunsmith/Gunsmith
-logFile
Logs/AssetImportWorker6.log
-srvPort
50620
Successfully changed project path to: D:/Unity-Gunsmith/Gunsmith
D:/Unity-Gunsmith/Gunsmith
[UnityMemory] Configuration Parameters - Can be set up in boot.config
    "memorysetup-bucket-allocator-granularity=16"
    "memorysetup-bucket-allocator-bucket-count=8"
    "memorysetup-bucket-allocator-block-size=33554432"
    "memorysetup-bucket-allocator-block-count=8"
    "memorysetup-main-allocator-block-size=16777216"
    "memorysetup-thread-allocator-block-size=16777216"
    "memorysetup-gfx-main-allocator-block-size=16777216"
    "memorysetup-gfx-thread-allocator-block-size=16777216"
    "memorysetup-cache-allocator-block-size=4194304"
    "memorysetup-typetree-allocator-block-size=2097152"
    "memorysetup-profiler-bucket-allocator-granularity=16"
    "memorysetup-profiler-bucket-allocator-bucket-count=8"
    "memorysetup-profiler-bucket-allocator-block-size=33554432"
    "memorysetup-profiler-bucket-allocator-block-count=8"
    "memorysetup-profiler-allocator-block-size=16777216"
    "memorysetup-profiler-editor-allocator-block-size=1048576"
    "memorysetup-temp-allocator-size-main=16777216"
    "memorysetup-job-temp-allocator-block-size=2097152"
    "memorysetup-job-temp-allocator-block-size-background=1048576"
    "memorysetup-job-temp-allocator-reduction-small-platforms=262144"
    "memorysetup-temp-allocator-size-background-worker=32768"
    "memorysetup-temp-allocator-size-job-worker=262144"
    "memorysetup-temp-allocator-size-preload-manager=33554432"
    "memorysetup-temp-allocator-size-nav-mesh-worker=65536"
    "memorysetup-temp-allocator-size-audio-worker=65536"
    "memorysetup-temp-allocator-size-cloud-worker=32768"
    "memorysetup-temp-allocator-size-gi-baking-worker=262144"
    "memorysetup-temp-allocator-size-gfx=262144"
Refreshing native plugins compatible for Editor in 104.32 ms, found 4 plugins.
Preloading 0 native plugins for Editor in 0.00 ms.
Initialize engine version: 2021.3.8f1 (b30333d56e81)
[Subsystems] Discovering subsystems at path C:/Program Files/Unity/Hub/Editor/2021.3.8f1/Editor/Data/Resources/UnitySubsystems
[Subsystems] Discovering subsystems at path D:/Unity-Gunsmith/Gunsmith/Assets
GfxDevice: creating device client; threaded=0; jobified=0
Direct3D:
    Version:  Direct3D 11.0 [level 11.1]
    Renderer: NVIDIA GeForce RTX 3070 (ID=0x2484)
    Vendor:   NVIDIA
    VRAM:     8031 MB
    Driver:   31.0.15.3598
Initialize mono
Mono path[0] = 'C:/Program Files/Unity/Hub/Editor/2021.3.8f1/Editor/Data/Managed'
Mono path[1] = 'C:/Program Files/Unity/Hub/Editor/2021.3.8f1/Editor/Data/MonoBleedingEdge/lib/mono/unityjit-win32'
Mono config path = 'C:/Program Files/Unity/Hub/Editor/2021.3.8f1/Editor/Data/MonoBleedingEdge/etc'
Using monoOptions --debugger-agent=transport=dt_socket,embedding=1,server=y,suspend=n,address=127.0.0.1:56516
Begin MonoManager ReloadAssembly
Registering precompiled unity dll's ...
Register platform support module: C:/Program Files/Unity/Hub/Editor/2021.3.8f1/Editor/Data/PlaybackEngines/WindowsStandaloneSupport/UnityEditor.WindowsStandalone.Extensions.dll
Registered in 0.008153 seconds.
Native extension for WindowsStandalone target not found
Refreshing native plugins compatible for Editor in 100.93 ms, found 4 plugins.
Preloading 0 native plugins for Editor in 0.00 ms.
Mono: successfully reloaded assembly
- Completed reload, in  0.548 seconds
Domain Reload Profiling:
	ReloadAssembly (549ms)
		BeginReloadAssembly (61ms)
			ExecutionOrderSort (0ms)
			DisableScriptedObjects (0ms)
			BackupInstance (0ms)
			ReleaseScriptingObjects (0ms)
			CreateAndSetChildDomain (1ms)
		EndReloadAssembly (394ms)
			LoadAssemblies (59ms)
			RebuildTransferFunctionScriptingTraits (0ms)
			SetupTypeCache (72ms)
			ReleaseScriptCaches (0ms)
			RebuildScriptCaches (20ms)
			SetupLoadedEditorAssemblies (259ms)
				LogAssemblyErrors (0ms)
				InitializePlatformSupportModulesInManaged (8ms)
				SetLoadedEditorAssemblies (0ms)
				RefreshPlugins (101ms)
				BeforeProcessingInitializeOnLoad (1ms)
				ProcessInitializeOnLoadAttributes (111ms)
				ProcessInitializeOnLoadMethodAttributes (38ms)
				AfterProcessingInitializeOnLoad (0ms)
				EditorAssembliesLoaded (0ms)
			ExecutionOrderSort2 (0ms)
			AwakeInstancesAfterBackupRestoration (0ms)
Platform modules already initialized, skipping
Registering precompiled user dll's ...
Registered in 0.007710 seconds.
Begin MonoManager ReloadAssembly
Symbol file LoadedFromMemory doesn't match image D:\Unity-Gunsmith\Gunsmith\Library\PackageCache\com.unity.visualscripting@1.7.8\Editor\VisualScripting.Core\Dependencies\YamlDotNet\Unity.VisualScripting.YamlDotNet.dll
Symbol file LoadedFromMemory doesn't match image D:\Unity-Gunsmith\Gunsmith\Library\PackageCache\com.unity.visualscripting@1.7.8\Editor\VisualScripting.Core\Dependencies\DotNetZip\Unity.VisualScripting.IonicZip.dll
Native extension for WindowsStandalone target not found
Refreshing native plugins compatible for Editor in 104.90 ms, found 4 plugins.
Preloading 0 native plugins for Editor in 0.00 ms.
Mono: successfully reloaded assembly
- Completed reload, in  1.121 seconds
Domain Reload Profiling:
	ReloadAssembly (1122ms)
		BeginReloadAssembly (94ms)
			ExecutionOrderSort (0ms)
			DisableScriptedObjects (5ms)
			BackupInstance (0ms)
			ReleaseScriptingObjects (0ms)
			CreateAndSetChildDomain (17ms)
		EndReloadAssembly (934ms)
			LoadAssemblies (85ms)
			RebuildTransferFunctionScriptingTraits (0ms)
			SetupTypeCache (204ms)
			ReleaseScriptCaches (1ms)
			RebuildScriptCaches (58ms)
			SetupLoadedEditorAssemblies (556ms)
				LogAssemblyErrors (0ms)
				InitializePlatformSupportModulesInManaged (4ms)
				SetLoadedEditorAssemblies (0ms)
				RefreshPlugins (105ms)
				BeforeProcessingInitializeOnLoad (112ms)
				ProcessInitializeOnLoadAttributes (246ms)
				ProcessInitializeOnLoadMethodAttributes (79ms)
				AfterProcessingInitializeOnLoad (10ms)
				EditorAssembliesLoaded (0ms)
			ExecutionOrderSort2 (0ms)
			AwakeInstancesAfterBackupRestoration (4ms)
Platform modules already initialized, skipping
========================================================================
Worker process is ready to serve import requests
Launched and connected shader compiler UnityShaderCompiler.exe after 0.04 seconds
Refreshing native plugins compatible for Editor in 1.11 ms, found 4 plugins.
Preloading 0 native plugins for Editor in 0.00 ms.
Unloading 6059 Unused Serialized files (Serialized files now loaded: 0)
Unloading 69 unused Assets / (2.0 MB). Loaded Objects now: 6497.
Memory consumption went from 239.9 MB to 237.9 MB.
Total: 4.317000 ms (FindLiveObjects: 0.444300 ms CreateObjectMapping: 0.311000 ms MarkObjects: 3.126800 ms  DeleteObjects: 0.434500 ms)

AssetImportParameters requested are different than current active one (requested -> active):
  custom:video-decoder-ogg-theora: a1e56fd34408186e4bbccfd4996cb3dc -> 
  custom:container-muxer-webm: aa71ff27fc2769a1b78a27578f13a17b -> 
  custom:container-demuxer-webm: 4f35f7cbe854078d1ac9338744f61a02 -> 
  custom:video-encoder-webm-vp8: eb34c28f22e8b96e1ab97ce403110664 -> 
  custom:video-codec-MediaFoundation-h265: 746d11721c4dcdbdad8f713fa42b33f4 -> 
  custom:audio-encoder-webm-vorbis: bf7c407c2cedff20999df2af8eb42d56 -> 
  custom:framework-win-MediaFoundation: 216162199b28c13a410421893ffa2e32 -> 
  custom:container-demuxer-ogg: 62fdf1f143b41e24485cea50d1cbac27 -> 
  custom:video-decoder-webm-vp8: 9c59270c3fd7afecdb556c50c9e8de78 -> 
  custom:audio-decoder-ogg-vorbis: bf7c407c2cedff20999df2af8eb42d56 -> 
========================================================================
Received Import Request.
  Time since last request: 42320.023603 seconds.
  path: Assets/Sprites/World/Overworld.png
  artifactKey: Guid(405f58e53e19ce94b835466cf9923370) Importer(815301076,1909f56bfc062723c751e8b465ee728b)
Start importing Assets/Sprites/World/Overworld.png using Guid(405f58e53e19ce94b835466cf9923370) Importer(815301076,1909f56bfc062723c751e8b465ee728b)  -> (artifact id: '4e3369482785a06b41bb172bfc248871') in 1.626991 seconds 
========================================================================
Received Import Request.
  Time since last request: 4.963447 seconds.
  path: Assets/Tiles/Overworld/OverworldPalette.prefab
  artifactKey: Guid(6b4f175312a44024d81f6772ecfa88aa) Importer(815301076,1909f56bfc062723c751e8b465ee728b)
Start importing Assets/Tiles/Overworld/OverworldPalette.prefab using Guid(6b4f175312a44024d81f6772ecfa88aa) Importer(815301076,1909f56bfc062723c751e8b465ee728b)  -> (artifact id: '8366daaf7f5f4b4667c192fd7f540aaa') in 0.130641 seconds 
========================================================================
Received Import Request.
  Time since last request: 473.880171 seconds.
  path: Assets/Sprites/World/Overworld.png
  artifactKey: Guid(405f58e53e19ce94b835466cf9923370) Importer(815301076,1909f56bfc062723c751e8b465ee728b)
Start importing Assets/Sprites/World/Overworld.png using Guid(405f58e53e19ce94b835466cf9923370) Importer(815301076,1909f56bfc062723c751e8b465ee728b)  -> (artifact id: '48942cf554969ecb713eb8bf601f8bcb') in 1.421672 seconds 
========================================================================
Received Import Request.
  Time since last request: 16.221326 seconds.
  path: Assets/Tiles/Overworld/OverworldPalette.prefab
  artifactKey: Guid(6b4f175312a44024d81f6772ecfa88aa) Importer(815301076,1909f56bfc062723c751e8b465ee728b)
Start importing Assets/Tiles/Overworld/OverworldPalette.prefab using Guid(6b4f175312a44024d81f6772ecfa88aa) Importer(815301076,1909f56bfc062723c751e8b465ee728b)  -> (artifact id: '74b356f798625efbc915bd18377ec3a1') in 0.009321 seconds 
========================================================================
Received Import Request.
  Time since last request: 15.438089 seconds.
  path: Assets/Tiles/Overworld/WoodenBridgeHorizontal.asset
  artifactKey: Guid(ab9e4ee18ab010f49b7e7e372bb29ea3) Importer(815301076,1909f56bfc062723c751e8b465ee728b)
Start importing Assets/Tiles/Overworld/WoodenBridgeHorizontal.asset using Guid(ab9e4ee18ab010f49b7e7e372bb29ea3) Importer(815301076,1909f56bfc062723c751e8b465ee728b)  -> (artifact id: 'c1ab6d3120814b0fe42ad23b86dc531c') in 0.013764 seconds 
========================================================================
Received Import Request.
  Time since last request: 385.519783 seconds.
  path: Assets/Tiles/Overworld/OverworldPalette.prefab
  artifactKey: Guid(6b4f175312a44024d81f6772ecfa88aa) Importer(815301076,1909f56bfc062723c751e8b465ee728b)
Start importing Assets/Tiles/Overworld/OverworldPalette.prefab using Guid(6b4f175312a44024d81f6772ecfa88aa) Importer(815301076,1909f56bfc062723c751e8b465ee728b)  -> (artifact id: '8af9a018783e5a2a53e7b555858c846b') in 0.015610 seconds 
========================================================================
Received Import Request.
  Time since last request: 599.202282 seconds.
  path: Assets/Tiles/Overworld/OverworldPalette.prefab
  artifactKey: Guid(6b4f175312a44024d81f6772ecfa88aa) Importer(815301076,1909f56bfc062723c751e8b465ee728b)
Start importing Assets/Tiles/Overworld/OverworldPalette.prefab using Guid(6b4f175312a44024d81f6772ecfa88aa) Importer(815301076,1909f56bfc062723c751e8b465ee728b)  -> (artifact id: '01d9c9f7e6f3f2cc1c34635efec7c2e1') in 0.017931 seconds 
========================================================================
Received Import Request.
  Time since last request: 416.811505 seconds.
  path: Assets/Sprites/World/Overworld.png
  artifactKey: Guid(405f58e53e19ce94b835466cf9923370) Importer(815301076,1909f56bfc062723c751e8b465ee728b)
Start importing Assets/Sprites/World/Overworld.png using Guid(405f58e53e19ce94b835466cf9923370) Importer(815301076,1909f56bfc062723c751e8b465ee728b)  -> (artifact id: 'a7cacdaf5c564e2c80782a47500c04e0') in 1.495313 seconds 
========================================================================
Received Import Request.
  Time since last request: 163.059690 seconds.
  path: Assets/Tiles/Overworld/Dirt.asset
  artifactKey: Guid(9a0f6d4709ce7b5439e5e21c408dad42) Importer(815301076,1909f56bfc062723c751e8b465ee728b)
Start importing Assets/Tiles/Overworld/Dirt.asset using Guid(9a0f6d4709ce7b5439e5e21c408dad42) Importer(815301076,1909f56bfc062723c751e8b465ee728b)  -> (artifact id: 'e581492aa283ff6b1a2bf7c22ce22db7') in 0.018526 seconds 
========================================================================
Received Import Request.
  Time since last request: 0.000021 seconds.
  path: Assets/Tiles/Overworld/WoodenBridgeHorizontal.asset
  artifactKey: Guid(ab9e4ee18ab010f49b7e7e372bb29ea3) Importer(815301076,1909f56bfc062723c751e8b465ee728b)
Start importing Assets/Tiles/Overworld/WoodenBridgeHorizontal.asset using Guid(ab9e4ee18ab010f49b7e7e372bb29ea3) Importer(815301076,1909f56bfc062723c751e8b465ee728b)  -> (artifact id: '425fcda396b021ee009fc8caa5d5c955') in 0.011399 seconds 
========================================================================
Received Import Request.
  Time since last request: 249.916956 seconds.
  path: Assets/Tiles/Test/Overworld_1.asset
  artifactKey: Guid(76bd279b34be3fe4fa8403cbd10c3fa8) Importer(815301076,1909f56bfc062723c751e8b465ee728b)
Start importing Assets/Tiles/Test/Overworld_1.asset using Guid(76bd279b34be3fe4fa8403cbd10c3fa8) Importer(815301076,1909f56bfc062723c751e8b465ee728b)  -> (artifact id: '0eb518659751c4bfe3febc023039d335') in 0.015195 seconds 
========================================================================
Received Import Request.
  Time since last request: 0.000030 seconds.
  path: Assets/Tiles/Test/Overworld_21.asset
  artifactKey: Guid(fd76103804099994c900a41cc948ffd8) Importer(815301076,1909f56bfc062723c751e8b465ee728b)
Start importing Assets/Tiles/Test/Overworld_21.asset using Guid(fd76103804099994c900a41cc948ffd8) Importer(815301076,1909f56bfc062723c751e8b465ee728b)  -> (artifact id: '003e2867f339405b7d13839ff6546460') in 0.012623 seconds 
========================================================================
Received Import Request.
  Time since last request: 0.000044 seconds.
  path: Assets/Tiles/Test/Overworld_8.asset
  artifactKey: Guid(426e1b8d6236514408482e382924bf66) Importer(815301076,1909f56bfc062723c751e8b465ee728b)
Start importing Assets/Tiles/Test/Overworld_8.asset using Guid(426e1b8d6236514408482e382924bf66) Importer(815301076,1909f56bfc062723c751e8b465ee728b)  -> (artifact id: '4c77160e695d97dd5ef427819da540b7') in 0.012187 seconds 
========================================================================
Received Import Request.
  Time since last request: 0.000021 seconds.
  path: Assets/Tiles/Test/Overworld_20.asset
  artifactKey: Guid(babb3ac318ffcd34eba09a69c80e971c) Importer(815301076,1909f56bfc062723c751e8b465ee728b)
Start importing Assets/Tiles/Test/Overworld_20.asset using Guid(babb3ac318ffcd34eba09a69c80e971c) Importer(815301076,1909f56bfc062723c751e8b465ee728b)  -> (artifact id: '4af223302c47366b0dc52cfd7cec9e28') in 0.011501 seconds 
========================================================================
Received Import Request.
  Time since last request: 0.000021 seconds.
  path: Assets/Tiles/Test/Overworld_24.asset
  artifactKey: Guid(5ea5e218cd7d19547818cc5221fab398) Importer(815301076,1909f56bfc062723c751e8b465ee728b)
Start importing Assets/Tiles/Test/Overworld_24.asset using Guid(5ea5e218cd7d19547818cc5221fab398) Importer(815301076,1909f56bfc062723c751e8b465ee728b)  -> (artifact id: 'b5ec6a6bb40e1051b5c18b76a5230f15') in 0.013055 seconds 
========================================================================
Received Import Request.
  Time since last request: 0.000019 seconds.
  path: Assets/Tiles/Test/Overworld_27.asset
  artifactKey: Guid(98d61e8c21911664bb198e4195b49a64) Importer(815301076,1909f56bfc062723c751e8b465ee728b)
Start importing Assets/Tiles/Test/Overworld_27.asset using Guid(98d61e8c21911664bb198e4195b49a64) Importer(815301076,1909f56bfc062723c751e8b465ee728b)  -> (artifact id: '24526f6d32d69a97f8ee0fe9601a6231') in 0.015423 seconds 
========================================================================
Received Import Request.
  Time since last request: 0.000019 seconds.
  path: Assets/Tiles/Test/Overworld_26.asset
  artifactKey: Guid(f9c00ee4e5422b64b88b566bf96a8784) Importer(815301076,1909f56bfc062723c751e8b465ee728b)
Start importing Assets/Tiles/Test/Overworld_26.asset using Guid(f9c00ee4e5422b64b88b566bf96a8784) Importer(815301076,1909f56bfc062723c751e8b465ee728b)  -> (artifact id: '60d3bdea56966485203ed1a345b4f789') in 0.011152 seconds 
========================================================================
Received Import Request.
  Time since last request: 0.000022 seconds.
  path: Assets/Tiles/Test/Overworld_19.asset
  artifactKey: Guid(1102228d0a3bae041863414b744c5c1a) Importer(815301076,1909f56bfc062723c751e8b465ee728b)
Start importing Assets/Tiles/Test/Overworld_19.asset using Guid(1102228d0a3bae041863414b744c5c1a) Importer(815301076,1909f56bfc062723c751e8b465ee728b)  -> (artifact id: '5b481462400dd9f02ea6a349a6ba8581') in 0.013250 seconds 
========================================================================
Received Import Request.
  Time since last request: 0.000018 seconds.
  path: Assets/Tiles/Test/Overworld_9.asset
  artifactKey: Guid(a029361dbd4757b4ba8755e496dafff5) Importer(815301076,1909f56bfc062723c751e8b465ee728b)
Start importing Assets/Tiles/Test/Overworld_9.asset using Guid(a029361dbd4757b4ba8755e496dafff5) Importer(815301076,1909f56bfc062723c751e8b465ee728b)  -> (artifact id: 'cc267f4219ba3d69203590b2202ec106') in 0.011477 seconds 
========================================================================
Received Import Request.
  Time since last request: 0.000017 seconds.
  path: Assets/Tiles/Test/Overworld_22.asset
  artifactKey: Guid(b71c1c6b0efce62438023b4d3882ae5b) Importer(815301076,1909f56bfc062723c751e8b465ee728b)
Start importing Assets/Tiles/Test/Overworld_22.asset using Guid(b71c1c6b0efce62438023b4d3882ae5b) Importer(815301076,1909f56bfc062723c751e8b465ee728b)  -> (artifact id: '45250f8f7ee86cbb30cc6aaace3ec4be') in 0.013454 seconds 
========================================================================
Received Import Request.
  Time since last request: 2.916863 seconds.
  path: Assets/Tiles/Test/Overworld_29.asset
  artifactKey: Guid(ae40eabbe96316d47bc1946b31e9bd8d) Importer(815301076,1909f56bfc062723c751e8b465ee728b)
Start importing Assets/Tiles/Test/Overworld_29.asset using Guid(ae40eabbe96316d47bc1946b31e9bd8d) Importer(815301076,1909f56bfc062723c751e8b465ee728b)  -> (artifact id: 'b7508004965181c9d599c40e7280b9b7') in 0.011555 seconds 
========================================================================
Received Import Request.
  Time since last request: 0.000027 seconds.
  path: Assets/Tiles/Test/Overworld_33.asset
  artifactKey: Guid(2da051ad5d3c44346bbce75ebc51c463) Importer(815301076,1909f56bfc062723c751e8b465ee728b)
Start importing Assets/Tiles/Test/Overworld_33.asset using Guid(2da051ad5d3c44346bbce75ebc51c463) Importer(815301076,1909f56bfc062723c751e8b465ee728b)  -> (artifact id: 'b05467d7ee1ddf5952769019c46d8306') in 0.011688 seconds 
========================================================================
Received Import Request.
  Time since last request: 0.031721 seconds.
  path: Assets/Tiles/Test/Overworld_34.asset
  artifactKey: Guid(21a7c0685d0809d47aa31886c650118d) Importer(815301076,1909f56bfc062723c751e8b465ee728b)
Start importing Assets/Tiles/Test/Overworld_34.asset using Guid(21a7c0685d0809d47aa31886c650118d) Importer(815301076,1909f56bfc062723c751e8b465ee728b)  -> (artifact id: '2fcc0264bdcca3ebcb1dbcfedecd1480') in 0.012296 seconds 
========================================================================
Received Import Request.
  Time since last request: 0.000024 seconds.
  path: Assets/Tiles/Test/Overworld_43.asset
  artifactKey: Guid(a3552d03644389c4a93e872783ac9fb9) Importer(815301076,1909f56bfc062723c751e8b465ee728b)
Start importing Assets/Tiles/Test/Overworld_43.asset using Guid(a3552d03644389c4a93e872783ac9fb9) Importer(815301076,1909f56bfc062723c751e8b465ee728b)  -> (artifact id: '1091fb82b93a8baed5f196f6dbee25fd') in 0.012716 seconds 
========================================================================
Received Import Request.
  Time since last request: 0.000023 seconds.
  path: Assets/Tiles/Test/Overworld_37.asset
  artifactKey: Guid(180c427fe7a246542ae755a542231fbf) Importer(815301076,1909f56bfc062723c751e8b465ee728b)
Start importing Assets/Tiles/Test/Overworld_37.asset using Guid(180c427fe7a246542ae755a542231fbf) Importer(815301076,1909f56bfc062723c751e8b465ee728b)  -> (artifact id: 'a016b2eb072b28df2976dc1ebe46fce7') in 0.011547 seconds 
========================================================================
Received Import Request.
  Time since last request: 2.492781 seconds.
  path: Assets/Tiles/Test
  artifactKey: Guid(68f3c1dbd3984a845bed650dbfcc61c2) Importer(815301076,1909f56bfc062723c751e8b465ee728b)
Start importing Assets/Tiles/Test using Guid(68f3c1dbd3984a845bed650dbfcc61c2) Importer(815301076,1909f56bfc062723c751e8b465ee728b)  -> (artifact id: 'd8027d592ef1c9b21bc51abb37ecc9f4') in 0.006884 seconds 
========================================================================
Received Import Request.
  Time since last request: 123.736004 seconds.
  path: Assets/Tiles/Overworld/OverworldPalette.prefab
  artifactKey: Guid(6b4f175312a44024d81f6772ecfa88aa) Importer(815301076,1909f56bfc062723c751e8b465ee728b)
Start importing Assets/Tiles/Overworld/OverworldPalette.prefab using Guid(6b4f175312a44024d81f6772ecfa88aa) Importer(815301076,1909f56bfc062723c751e8b465ee728b)  -> (artifact id: 'dfafe12e5fa594d0280e9e87e4505c28') in 0.015482 seconds 
========================================================================
Received Import Request.
  Time since last request: 135.516432 seconds.
  path: Assets/Sprites/World/Overworld.png
  artifactKey: Guid(405f58e53e19ce94b835466cf9923370) Importer(815301076,1909f56bfc062723c751e8b465ee728b)
Start importing Assets/Sprites/World/Overworld.png using Guid(405f58e53e19ce94b835466cf9923370) Importer(815301076,1909f56bfc062723c751e8b465ee728b)  -> (artifact id: '566e3a1fd76f22e833545cdd5e723ca0') in 2.062471 seconds 
========================================================================
Received Import Request.
  Time since last request: 7.181563 seconds.
  path: Assets/Tiles/Overworld/Dirt.asset
  artifactKey: Guid(9a0f6d4709ce7b5439e5e21c408dad42) Importer(815301076,1909f56bfc062723c751e8b465ee728b)
Start importing Assets/Tiles/Overworld/Dirt.asset using Guid(9a0f6d4709ce7b5439e5e21c408dad42) Importer(815301076,1909f56bfc062723c751e8b465ee728b)  -> (artifact id: '60f6a9c615592b70e00b47b81a8c2b35') in 0.012699 seconds 
========================================================================
Received Import Request.
  Time since last request: 0.000018 seconds.
  path: Assets/Tiles/Overworld/Water.asset
  artifactKey: Guid(79aa6c841535f644da1b69855e6162bd) Importer(815301076,1909f56bfc062723c751e8b465ee728b)
Start importing Assets/Tiles/Overworld/Water.asset using Guid(79aa6c841535f644da1b69855e6162bd) Importer(815301076,1909f56bfc062723c751e8b465ee728b)  -> (artifact id: 'a86d651b3410a8ec86d32201a4a873d1') in 0.012892 seconds 
========================================================================
Received Import Request.
  Time since last request: 0.000026 seconds.
  path: Assets/Tiles/Overworld/WoodenBridgeHorizontal.asset
  artifactKey: Guid(ab9e4ee18ab010f49b7e7e372bb29ea3) Importer(815301076,1909f56bfc062723c751e8b465ee728b)
Start importing Assets/Tiles/Overworld/WoodenBridgeHorizontal.asset using Guid(ab9e4ee18ab010f49b7e7e372bb29ea3) Importer(815301076,1909f56bfc062723c751e8b465ee728b)  -> (artifact id: '171ceb21121570f0bf68a5b41249d6ed') in 0.010706 seconds 
========================================================================
Received Import Request.
  Time since last request: 4.127334 seconds.
  path: Assets/Tiles/Overworld/OverworldPalette.prefab
  artifactKey: Guid(6b4f175312a44024d81f6772ecfa88aa) Importer(815301076,1909f56bfc062723c751e8b465ee728b)
Start importing Assets/Tiles/Overworld/OverworldPalette.prefab using Guid(6b4f175312a44024d81f6772ecfa88aa) Importer(815301076,1909f56bfc062723c751e8b465ee728b)  -> (artifact id: 'd0f5b07ba24687070fb609aa275072dc') in 0.009016 seconds 
========================================================================
Received Prepare
Registering precompiled user dll's ...
Registered in 0.006471 seconds.
Begin MonoManager ReloadAssembly
Symbol file LoadedFromMemory doesn't match image D:\Unity-Gunsmith\Gunsmith\Library\PackageCache\com.unity.visualscripting@1.7.8\Editor\VisualScripting.Core\Dependencies\YamlDotNet\Unity.VisualScripting.YamlDotNet.dll
Symbol file LoadedFromMemory doesn't match image D:\Unity-Gunsmith\Gunsmith\Library\PackageCache\com.unity.visualscripting@1.7.8\Editor\VisualScripting.Core\Dependencies\DotNetZip\Unity.VisualScripting.IonicZip.dll
Native extension for WindowsStandalone target not found
Refreshing native plugins compatible for Editor in 1.20 ms, found 4 plugins.
Preloading 0 native plugins for Editor in 0.00 ms.
Mono: successfully reloaded assembly
- Completed reload, in  1.059 seconds
Domain Reload Profiling:
	ReloadAssembly (1060ms)
		BeginReloadAssembly (120ms)
			ExecutionOrderSort (0ms)
			DisableScriptedObjects (7ms)
			BackupInstance (0ms)
			ReleaseScriptingObjects (0ms)
			CreateAndSetChildDomain (39ms)
		EndReloadAssembly (861ms)
			LoadAssemblies (85ms)
			RebuildTransferFunctionScriptingTraits (0ms)
			SetupTypeCache (215ms)
			ReleaseScriptCaches (2ms)
			RebuildScriptCaches (49ms)
			SetupLoadedEditorAssemblies (439ms)
				LogAssemblyErrors (0ms)
				InitializePlatformSupportModulesInManaged (13ms)
				SetLoadedEditorAssemblies (0ms)
				RefreshPlugins (1ms)
				BeforeProcessingInitializeOnLoad (89ms)
				ProcessInitializeOnLoadAttributes (247ms)
				ProcessInitializeOnLoadMethodAttributes (78ms)
				AfterProcessingInitializeOnLoad (12ms)
				EditorAssembliesLoaded (0ms)
			ExecutionOrderSort2 (0ms)
			AwakeInstancesAfterBackupRestoration (11ms)
Platform modules already initialized, skipping
Refreshing native plugins compatible for Editor in 2.88 ms, found 4 plugins.
Preloading 0 native plugins for Editor in 0.00 ms.
Unloading 5893 Unused Serialized files (Serialized files now loaded: 0)
Unloading 44 unused Assets / (2.0 MB). Loaded Objects now: 6602.
Memory consumption went from 239.2 MB to 237.2 MB.
Total: 4.278100 ms (FindLiveObjects: 0.358300 ms CreateObjectMapping: 0.293300 ms MarkObjects: 3.053400 ms  DeleteObjects: 0.572200 ms)

AssetImportParameters requested are different than current active one (requested -> active):
  custom:video-decoder-ogg-theora: a1e56fd34408186e4bbccfd4996cb3dc -> 
  custom:container-muxer-webm: aa71ff27fc2769a1b78a27578f13a17b -> 
  custom:container-demuxer-webm: 4f35f7cbe854078d1ac9338744f61a02 -> 
  custom:video-encoder-webm-vp8: eb34c28f22e8b96e1ab97ce403110664 -> 
  custom:video-codec-MediaFoundation-h265: 746d11721c4dcdbdad8f713fa42b33f4 -> 
  custom:audio-encoder-webm-vorbis: bf7c407c2cedff20999df2af8eb42d56 -> 
  custom:framework-win-MediaFoundation: 216162199b28c13a410421893ffa2e32 -> 
  custom:container-demuxer-ogg: 62fdf1f143b41e24485cea50d1cbac27 -> 
  custom:video-decoder-webm-vp8: 9c59270c3fd7afecdb556c50c9e8de78 -> 
  custom:audio-decoder-ogg-vorbis: bf7c407c2cedff20999df2af8eb42d56 -> 
========================================================================
Received Prepare
Registering precompiled user dll's ...
Registered in 0.006332 seconds.
Begin MonoManager ReloadAssembly
Symbol file LoadedFromMemory doesn't match image D:\Unity-Gunsmith\Gunsmith\Library\PackageCache\com.unity.visualscripting@1.7.8\Editor\VisualScripting.Core\Dependencies\YamlDotNet\Unity.VisualScripting.YamlDotNet.dll
Symbol file LoadedFromMemory doesn't match image D:\Unity-Gunsmith\Gunsmith\Library\PackageCache\com.unity.visualscripting@1.7.8\Editor\VisualScripting.Core\Dependencies\DotNetZip\Unity.VisualScripting.IonicZip.dll
Native extension for WindowsStandalone target not found
Refreshing native plugins compatible for Editor in 1.29 ms, found 4 plugins.
Preloading 0 native plugins for Editor in 0.00 ms.
Mono: successfully reloaded assembly
- Completed reload, in  1.042 seconds
Domain Reload Profiling:
	ReloadAssembly (1042ms)
		BeginReloadAssembly (119ms)
			ExecutionOrderSort (0ms)
			DisableScriptedObjects (5ms)
			BackupInstance (0ms)
			ReleaseScriptingObjects (0ms)
			CreateAndSetChildDomain (37ms)
		EndReloadAssembly (835ms)
			LoadAssemblies (84ms)
			RebuildTransferFunctionScriptingTraits (0ms)
			SetupTypeCache (205ms)
			ReleaseScriptCaches (2ms)
			RebuildScriptCaches (42ms)
			SetupLoadedEditorAssemblies (439ms)
				LogAssemblyErrors (0ms)
				InitializePlatformSupportModulesInManaged (11ms)
				SetLoadedEditorAssemblies (0ms)
				RefreshPlugins (1ms)
				BeforeProcessingInitializeOnLoad (87ms)
				ProcessInitializeOnLoadAttributes (248ms)
				ProcessInitializeOnLoadMethodAttributes (80ms)
				AfterProcessingInitializeOnLoad (11ms)
				EditorAssembliesLoaded (0ms)
			ExecutionOrderSort2 (0ms)
			AwakeInstancesAfterBackupRestoration (11ms)
Platform modules already initialized, skipping
Refreshing native plugins compatible for Editor in 2.93 ms, found 4 plugins.
Preloading 0 native plugins for Editor in 0.00 ms.
Unloading 5894 Unused Serialized files (Serialized files now loaded: 0)
Unloading 44 unused Assets / (2.0 MB). Loaded Objects now: 6617.
Memory consumption went from 239.2 MB to 237.3 MB.
Total: 4.578500 ms (FindLiveObjects: 0.377200 ms CreateObjectMapping: 0.345700 ms MarkObjects: 3.378100 ms  DeleteObjects: 0.476600 ms)

AssetImportParameters requested are different than current active one (requested -> active):
  custom:video-decoder-ogg-theora: a1e56fd34408186e4bbccfd4996cb3dc -> 
  custom:container-muxer-webm: aa71ff27fc2769a1b78a27578f13a17b -> 
  custom:container-demuxer-webm: 4f35f7cbe854078d1ac9338744f61a02 -> 
  custom:video-encoder-webm-vp8: eb34c28f22e8b96e1ab97ce403110664 -> 
  custom:video-codec-MediaFoundation-h265: 746d11721c4dcdbdad8f713fa42b33f4 -> 
  custom:audio-encoder-webm-vorbis: bf7c407c2cedff20999df2af8eb42d56 -> 
  custom:framework-win-MediaFoundation: 216162199b28c13a410421893ffa2e32 -> 
  custom:container-demuxer-ogg: 62fdf1f143b41e24485cea50d1cbac27 -> 
  custom:video-decoder-webm-vp8: 9c59270c3fd7afecdb556c50c9e8de78 -> 
  custom:audio-decoder-ogg-vorbis: bf7c407c2cedff20999df2af8eb42d56 -> 
========================================================================
Received Prepare
Registering precompiled user dll's ...
Registered in 0.006183 seconds.
Begin MonoManager ReloadAssembly
Symbol file LoadedFromMemory doesn't match image D:\Unity-Gunsmith\Gunsmith\Library\PackageCache\com.unity.visualscripting@1.7.8\Editor\VisualScripting.Core\Dependencies\YamlDotNet\Unity.VisualScripting.YamlDotNet.dll
Symbol file LoadedFromMemory doesn't match image D:\Unity-Gunsmith\Gunsmith\Library\PackageCache\com.unity.visualscripting@1.7.8\Editor\VisualScripting.Core\Dependencies\DotNetZip\Unity.VisualScripting.IonicZip.dll
Native extension for WindowsStandalone target not found
Refreshing native plugins compatible for Editor in 1.36 ms, found 4 plugins.
Preloading 0 native plugins for Editor in 0.00 ms.
Mono: successfully reloaded assembly
- Completed reload, in  1.058 seconds
Domain Reload Profiling:
	ReloadAssembly (1059ms)
		BeginReloadAssembly (117ms)
			ExecutionOrderSort (0ms)
			DisableScriptedObjects (5ms)
			BackupInstance (0ms)
			ReleaseScriptingObjects (0ms)
			CreateAndSetChildDomain (36ms)
		EndReloadAssembly (863ms)
			LoadAssemblies (85ms)
			RebuildTransferFunctionScriptingTraits (0ms)
			SetupTypeCache (221ms)
			ReleaseScriptCaches (2ms)
			RebuildScriptCaches (41ms)
			SetupLoadedEditorAssemblies (447ms)
				LogAssemblyErrors (0ms)
				InitializePlatformSupportModulesInManaged (13ms)
				SetLoadedEditorAssemblies (0ms)
				RefreshPlugins (1ms)
				BeforeProcessingInitializeOnLoad (89ms)
				ProcessInitializeOnLoadAttributes (253ms)
				ProcessInitializeOnLoadMethodAttributes (78ms)
				AfterProcessingInitializeOnLoad (11ms)
				EditorAssembliesLoaded (0ms)
			ExecutionOrderSort2 (0ms)
			AwakeInstancesAfterBackupRestoration (11ms)
Platform modules already initialized, skipping
Refreshing native plugins compatible for Editor in 2.52 ms, found 4 plugins.
Preloading 0 native plugins for Editor in 0.00 ms.
Unloading 5894 Unused Serialized files (Serialized files now loaded: 0)
Unloading 44 unused Assets / (2.0 MB). Loaded Objects now: 6632.
Memory consumption went from 239.3 MB to 237.3 MB.
Total: 4.789400 ms (FindLiveObjects: 0.460800 ms CreateObjectMapping: 0.322400 ms MarkObjects: 3.467700 ms  DeleteObjects: 0.537900 ms)

AssetImportParameters requested are different than current active one (requested -> active):
  custom:video-decoder-ogg-theora: a1e56fd34408186e4bbccfd4996cb3dc -> 
  custom:container-muxer-webm: aa71ff27fc2769a1b78a27578f13a17b -> 
  custom:container-demuxer-webm: 4f35f7cbe854078d1ac9338744f61a02 -> 
  custom:video-encoder-webm-vp8: eb34c28f22e8b96e1ab97ce403110664 -> 
  custom:video-codec-MediaFoundation-h265: 746d11721c4dcdbdad8f713fa42b33f4 -> 
  custom:audio-encoder-webm-vorbis: bf7c407c2cedff20999df2af8eb42d56 -> 
  custom:framework-win-MediaFoundation: 216162199b28c13a410421893ffa2e32 -> 
  custom:container-demuxer-ogg: 62fdf1f143b41e24485cea50d1cbac27 -> 
  custom:video-decoder-webm-vp8: 9c59270c3fd7afecdb556c50c9e8de78 -> 
  custom:audio-decoder-ogg-vorbis: bf7c407c2cedff20999df2af8eb42d56 -> 
========================================================================
Received Prepare
Registering precompiled user dll's ...
Registered in 0.006711 seconds.
Begin MonoManager ReloadAssembly
Symbol file LoadedFromMemory doesn't match image D:\Unity-Gunsmith\Gunsmith\Library\PackageCache\com.unity.visualscripting@1.7.8\Editor\VisualScripting.Core\Dependencies\YamlDotNet\Unity.VisualScripting.YamlDotNet.dll
Symbol file LoadedFromMemory doesn't match image D:\Unity-Gunsmith\Gunsmith\Library\PackageCache\com.unity.visualscripting@1.7.8\Editor\VisualScripting.Core\Dependencies\DotNetZip\Unity.VisualScripting.IonicZip.dll
Native extension for WindowsStandalone target not found
Refreshing native plugins compatible for Editor in 1.08 ms, found 4 plugins.
Preloading 0 native plugins for Editor in 0.00 ms.
Mono: successfully reloaded assembly
- Completed reload, in  1.050 seconds
Domain Reload Profiling:
	ReloadAssembly (1050ms)
		BeginReloadAssembly (121ms)
			ExecutionOrderSort (0ms)
			DisableScriptedObjects (5ms)
			BackupInstance (0ms)
			ReleaseScriptingObjects (0ms)
			CreateAndSetChildDomain (39ms)
		EndReloadAssembly (845ms)
			LoadAssemblies (89ms)
			RebuildTransferFunctionScriptingTraits (0ms)
			SetupTypeCache (213ms)
			ReleaseScriptCaches (2ms)
			RebuildScriptCaches (44ms)
			SetupLoadedEditorAssemblies (433ms)
				LogAssemblyErrors (0ms)
				InitializePlatformSupportModulesInManaged (12ms)
				SetLoadedEditorAssemblies (0ms)
				RefreshPlugins (1ms)
				BeforeProcessingInitializeOnLoad (85ms)
				ProcessInitializeOnLoadAttributes (250ms)
				ProcessInitializeOnLoadMethodAttributes (74ms)
				AfterProcessingInitializeOnLoad (11ms)
				EditorAssembliesLoaded (0ms)
			ExecutionOrderSort2 (0ms)
			AwakeInstancesAfterBackupRestoration (10ms)
Platform modules already initialized, skipping
Refreshing native plugins compatible for Editor in 2.96 ms, found 4 plugins.
Preloading 0 native plugins for Editor in 0.00 ms.
Unloading 5894 Unused Serialized files (Serialized files now loaded: 0)
Unloading 44 unused Assets / (2.0 MB). Loaded Objects now: 6647.
Memory consumption went from 239.3 MB to 237.3 MB.
Total: 4.675900 ms (FindLiveObjects: 0.465400 ms CreateObjectMapping: 0.372900 ms MarkObjects: 3.078400 ms  DeleteObjects: 0.758400 ms)

AssetImportParameters requested are different than current active one (requested -> active):
  custom:video-decoder-ogg-theora: a1e56fd34408186e4bbccfd4996cb3dc -> 
  custom:container-muxer-webm: aa71ff27fc2769a1b78a27578f13a17b -> 
  custom:container-demuxer-webm: 4f35f7cbe854078d1ac9338744f61a02 -> 
  custom:video-encoder-webm-vp8: eb34c28f22e8b96e1ab97ce403110664 -> 
  custom:video-codec-MediaFoundation-h265: 746d11721c4dcdbdad8f713fa42b33f4 -> 
  custom:audio-encoder-webm-vorbis: bf7c407c2cedff20999df2af8eb42d56 -> 
  custom:framework-win-MediaFoundation: 216162199b28c13a410421893ffa2e32 -> 
  custom:container-demuxer-ogg: 62fdf1f143b41e24485cea50d1cbac27 -> 
  custom:video-decoder-webm-vp8: 9c59270c3fd7afecdb556c50c9e8de78 -> 
  custom:audio-decoder-ogg-vorbis: bf7c407c2cedff20999df2af8eb42d56 -> 
