Using pre-set license
Built from '2021.3/staging' branch; Version is '2021.3.8f1 (b30333d56e81) revision 11731763'; Using compiler version '192829333'; Build Type 'Release'
OS: 'Windows 10  (10.0.19045) 64bit Core' Language: 'en' Physical Memory: 32711 MB
BatchMode: 1, IsHumanControllingUs: 0, StartBugReporterOnCrash: 0, Is64bit: 1, IsPro: 1

COMMAND LINE ARGUMENTS:
C:\Program Files\Unity\Hub\Editor\2021.3.8f1\Editor\Unity.exe
-adb2
-batchMode
-noUpm
-name
AssetImportWorker5
-projectPath
D:/Unity-Gunsmith/Gunsmith
-logFile
Logs/AssetImportWorker5.log
-srvPort
50620
Successfully changed project path to: D:/Unity-Gunsmith/Gunsmith
D:/Unity-Gunsmith/Gunsmith
[UnityMemory] Configuration Parameters - Can be set up in boot.config
    "memorysetup-bucket-allocator-granularity=16"
    "memorysetup-bucket-allocator-bucket-count=8"
    "memorysetup-bucket-allocator-block-size=33554432"
    "memorysetup-bucket-allocator-block-count=8"
    "memorysetup-main-allocator-block-size=16777216"
    "memorysetup-thread-allocator-block-size=16777216"
    "memorysetup-gfx-main-allocator-block-size=16777216"
    "memorysetup-gfx-thread-allocator-block-size=16777216"
    "memorysetup-cache-allocator-block-size=4194304"
    "memorysetup-typetree-allocator-block-size=2097152"
    "memorysetup-profiler-bucket-allocator-granularity=16"
    "memorysetup-profiler-bucket-allocator-bucket-count=8"
    "memorysetup-profiler-bucket-allocator-block-size=33554432"
    "memorysetup-profiler-bucket-allocator-block-count=8"
    "memorysetup-profiler-allocator-block-size=16777216"
    "memorysetup-profiler-editor-allocator-block-size=1048576"
    "memorysetup-temp-allocator-size-main=16777216"
    "memorysetup-job-temp-allocator-block-size=2097152"
    "memorysetup-job-temp-allocator-block-size-background=1048576"
    "memorysetup-job-temp-allocator-reduction-small-platforms=262144"
    "memorysetup-temp-allocator-size-background-worker=32768"
    "memorysetup-temp-allocator-size-job-worker=262144"
    "memorysetup-temp-allocator-size-preload-manager=33554432"
    "memorysetup-temp-allocator-size-nav-mesh-worker=65536"
    "memorysetup-temp-allocator-size-audio-worker=65536"
    "memorysetup-temp-allocator-size-cloud-worker=32768"
    "memorysetup-temp-allocator-size-gi-baking-worker=262144"
    "memorysetup-temp-allocator-size-gfx=262144"
Refreshing native plugins compatible for Editor in 106.24 ms, found 4 plugins.
Preloading 0 native plugins for Editor in 0.00 ms.
Initialize engine version: 2021.3.8f1 (b30333d56e81)
[Subsystems] Discovering subsystems at path C:/Program Files/Unity/Hub/Editor/2021.3.8f1/Editor/Data/Resources/UnitySubsystems
[Subsystems] Discovering subsystems at path D:/Unity-Gunsmith/Gunsmith/Assets
GfxDevice: creating device client; threaded=0; jobified=0
Direct3D:
    Version:  Direct3D 11.0 [level 11.1]
    Renderer: NVIDIA GeForce RTX 3070 (ID=0x2484)
    Vendor:   NVIDIA
    VRAM:     8031 MB
    Driver:   31.0.15.3598
Initialize mono
Mono path[0] = 'C:/Program Files/Unity/Hub/Editor/2021.3.8f1/Editor/Data/Managed'
Mono path[1] = 'C:/Program Files/Unity/Hub/Editor/2021.3.8f1/Editor/Data/MonoBleedingEdge/lib/mono/unityjit-win32'
Mono config path = 'C:/Program Files/Unity/Hub/Editor/2021.3.8f1/Editor/Data/MonoBleedingEdge/etc'
Using monoOptions --debugger-agent=transport=dt_socket,embedding=1,server=y,suspend=n,address=127.0.0.1:56964
Begin MonoManager ReloadAssembly
Registering precompiled unity dll's ...
Register platform support module: C:/Program Files/Unity/Hub/Editor/2021.3.8f1/Editor/Data/PlaybackEngines/WindowsStandaloneSupport/UnityEditor.WindowsStandalone.Extensions.dll
Registered in 0.007985 seconds.
Native extension for WindowsStandalone target not found
Refreshing native plugins compatible for Editor in 104.03 ms, found 4 plugins.
Preloading 0 native plugins for Editor in 0.00 ms.
Mono: successfully reloaded assembly
- Completed reload, in  0.557 seconds
Domain Reload Profiling:
	ReloadAssembly (557ms)
		BeginReloadAssembly (64ms)
			ExecutionOrderSort (0ms)
			DisableScriptedObjects (0ms)
			BackupInstance (0ms)
			ReleaseScriptingObjects (0ms)
			CreateAndSetChildDomain (1ms)
		EndReloadAssembly (399ms)
			LoadAssemblies (61ms)
			RebuildTransferFunctionScriptingTraits (0ms)
			SetupTypeCache (75ms)
			ReleaseScriptCaches (0ms)
			RebuildScriptCaches (21ms)
			SetupLoadedEditorAssemblies (260ms)
				LogAssemblyErrors (0ms)
				InitializePlatformSupportModulesInManaged (7ms)
				SetLoadedEditorAssemblies (0ms)
				RefreshPlugins (104ms)
				BeforeProcessingInitializeOnLoad (1ms)
				ProcessInitializeOnLoadAttributes (112ms)
				ProcessInitializeOnLoadMethodAttributes (36ms)
				AfterProcessingInitializeOnLoad (0ms)
				EditorAssembliesLoaded (0ms)
			ExecutionOrderSort2 (0ms)
			AwakeInstancesAfterBackupRestoration (0ms)
Platform modules already initialized, skipping
Registering precompiled user dll's ...
Registered in 0.007376 seconds.
Begin MonoManager ReloadAssembly
Symbol file LoadedFromMemory doesn't match image D:\Unity-Gunsmith\Gunsmith\Library\PackageCache\com.unity.visualscripting@1.7.8\Editor\VisualScripting.Core\Dependencies\YamlDotNet\Unity.VisualScripting.YamlDotNet.dll
Symbol file LoadedFromMemory doesn't match image D:\Unity-Gunsmith\Gunsmith\Library\PackageCache\com.unity.visualscripting@1.7.8\Editor\VisualScripting.Core\Dependencies\DotNetZip\Unity.VisualScripting.IonicZip.dll
Native extension for WindowsStandalone target not found
Refreshing native plugins compatible for Editor in 104.67 ms, found 4 plugins.
Preloading 0 native plugins for Editor in 0.00 ms.
Mono: successfully reloaded assembly
- Completed reload, in  1.137 seconds
Domain Reload Profiling:
	ReloadAssembly (1138ms)
		BeginReloadAssembly (94ms)
			ExecutionOrderSort (0ms)
			DisableScriptedObjects (5ms)
			BackupInstance (0ms)
			ReleaseScriptingObjects (0ms)
			CreateAndSetChildDomain (17ms)
		EndReloadAssembly (947ms)
			LoadAssemblies (86ms)
			RebuildTransferFunctionScriptingTraits (0ms)
			SetupTypeCache (208ms)
			ReleaseScriptCaches (1ms)
			RebuildScriptCaches (59ms)
			SetupLoadedEditorAssemblies (563ms)
				LogAssemblyErrors (0ms)
				InitializePlatformSupportModulesInManaged (4ms)
				SetLoadedEditorAssemblies (0ms)
				RefreshPlugins (105ms)
				BeforeProcessingInitializeOnLoad (109ms)
				ProcessInitializeOnLoadAttributes (256ms)
				ProcessInitializeOnLoadMethodAttributes (79ms)
				AfterProcessingInitializeOnLoad (10ms)
				EditorAssembliesLoaded (0ms)
			ExecutionOrderSort2 (0ms)
			AwakeInstancesAfterBackupRestoration (5ms)
Platform modules already initialized, skipping
========================================================================
Worker process is ready to serve import requests
Launched and connected shader compiler UnityShaderCompiler.exe after 0.04 seconds
Refreshing native plugins compatible for Editor in 1.08 ms, found 4 plugins.
Preloading 0 native plugins for Editor in 0.00 ms.
Unloading 6059 Unused Serialized files (Serialized files now loaded: 0)
Unloading 69 unused Assets / (2.0 MB). Loaded Objects now: 6497.
Memory consumption went from 239.9 MB to 237.9 MB.
Total: 4.124700 ms (FindLiveObjects: 0.423000 ms CreateObjectMapping: 0.311200 ms MarkObjects: 2.911700 ms  DeleteObjects: 0.478100 ms)

AssetImportParameters requested are different than current active one (requested -> active):
  custom:video-decoder-ogg-theora: a1e56fd34408186e4bbccfd4996cb3dc -> 
  custom:container-muxer-webm: aa71ff27fc2769a1b78a27578f13a17b -> 
  custom:container-demuxer-webm: 4f35f7cbe854078d1ac9338744f61a02 -> 
  custom:video-encoder-webm-vp8: eb34c28f22e8b96e1ab97ce403110664 -> 
  custom:video-codec-MediaFoundation-h265: 746d11721c4dcdbdad8f713fa42b33f4 -> 
  custom:audio-encoder-webm-vorbis: bf7c407c2cedff20999df2af8eb42d56 -> 
  custom:framework-win-MediaFoundation: 216162199b28c13a410421893ffa2e32 -> 
  custom:container-demuxer-ogg: 62fdf1f143b41e24485cea50d1cbac27 -> 
  custom:video-decoder-webm-vp8: 9c59270c3fd7afecdb556c50c9e8de78 -> 
  custom:audio-decoder-ogg-vorbis: bf7c407c2cedff20999df2af8eb42d56 -> 
========================================================================
Received Import Request.
  Time since last request: 41868.755371 seconds.
  path: Assets/Timeline/Opening.playable
  artifactKey: Guid(096f60f470026c04daf902a51f460bd2) Importer(815301076,1909f56bfc062723c751e8b465ee728b)
Start importing Assets/Timeline/Opening.playable using Guid(096f60f470026c04daf902a51f460bd2) Importer(815301076,1909f56bfc062723c751e8b465ee728b)  -> (artifact id: '8474034454cbc6dab53956f917d709ba') in 0.053816 seconds 
========================================================================
Received Import Request.
  Time since last request: 391.783338 seconds.
  path: Assets/LeanTween/Examples/Models/AdvancedExamplesText.fbx
  artifactKey: Guid(47a7c1f40f5df413fbc8bf1c01c011a2) Importer(815301076,1909f56bfc062723c751e8b465ee728b)
Start importing Assets/LeanTween/Examples/Models/AdvancedExamplesText.fbx using Guid(47a7c1f40f5df413fbc8bf1c01c011a2) Importer(815301076,1909f56bfc062723c751e8b465ee728b)  -> (artifact id: '8ec45420feae992fa816f7a218e68a17') in 0.288359 seconds 
========================================================================
Received Import Request.
  Time since last request: 12.826159 seconds.
  path: Assets/LeanTween/Examples/Prefabs/AvatarDiffuse 1.prefab
  artifactKey: Guid(672fd62036f744e79b75297e492c996e) Importer(815301076,1909f56bfc062723c751e8b465ee728b)
Start importing Assets/LeanTween/Examples/Prefabs/AvatarDiffuse 1.prefab using Guid(672fd62036f744e79b75297e492c996e) Importer(815301076,1909f56bfc062723c751e8b465ee728b)  -> (artifact id: 'e8e42293d8b17547401799a6ffc824e3') in 0.018564 seconds 
========================================================================
Received Import Request.
  Time since last request: 0.000073 seconds.
  path: Assets/LeanTween/Examples/Prefabs/AvatarSpace.prefab
  artifactKey: Guid(e02878730c48147bb9fc414aabee207b) Importer(815301076,1909f56bfc062723c751e8b465ee728b)
Start importing Assets/LeanTween/Examples/Prefabs/AvatarSpace.prefab using Guid(e02878730c48147bb9fc414aabee207b) Importer(815301076,1909f56bfc062723c751e8b465ee728b)  -> (artifact id: 'a9474156710ed00d3e33583385687074') in 0.052284 seconds 
========================================================================
Received Import Request.
  Time since last request: 0.467944 seconds.
  path: Assets/LeanTween/Examples/Models/BasicExamplesText.fbx
  artifactKey: Guid(803bfbdea65eb4ebe96e481875403860) Importer(815301076,1909f56bfc062723c751e8b465ee728b)
Start importing Assets/LeanTween/Examples/Models/BasicExamplesText.fbx using Guid(803bfbdea65eb4ebe96e481875403860) Importer(815301076,1909f56bfc062723c751e8b465ee728b)  -> (artifact id: 'ec2ab5031be82ae13a39dfe442ca32b3') in 0.050930 seconds 
========================================================================
Received Import Request.
  Time since last request: 0.230580 seconds.
  path: Assets/Prefabs/Level/Corridors/Corridor_Horizontal1.prefab
  artifactKey: Guid(1c59c64e2cf746149a50bca005b0baa7) Importer(815301076,1909f56bfc062723c751e8b465ee728b)
Start importing Assets/Prefabs/Level/Corridors/Corridor_Horizontal1.prefab using Guid(1c59c64e2cf746149a50bca005b0baa7) Importer(815301076,1909f56bfc062723c751e8b465ee728b)  -> (artifact id: '9b2ea6b448d949ea6cb3436ae34e813e') in 0.032890 seconds 
========================================================================
Received Import Request.
  Time since last request: 0.000023 seconds.
  path: Assets/Prefabs/Level/Corridors/Corridor_Turning2.prefab
  artifactKey: Guid(72078bb520508ea4d83c1d51531c0a40) Importer(815301076,1909f56bfc062723c751e8b465ee728b)
Start importing Assets/Prefabs/Level/Corridors/Corridor_Turning2.prefab using Guid(72078bb520508ea4d83c1d51531c0a40) Importer(815301076,1909f56bfc062723c751e8b465ee728b)  -> (artifact id: '060bca939444f933f4ccc7cd0f3b14bd') in 0.021425 seconds 
========================================================================
Received Import Request.
  Time since last request: 0.000021 seconds.
  path: Assets/Prefabs/Level/Corridors/Corridor_Turning1.prefab
  artifactKey: Guid(40583e3d718decc47a456d436adca7a1) Importer(815301076,1909f56bfc062723c751e8b465ee728b)
Start importing Assets/Prefabs/Level/Corridors/Corridor_Turning1.prefab using Guid(40583e3d718decc47a456d436adca7a1) Importer(815301076,1909f56bfc062723c751e8b465ee728b)  -> (artifact id: '48ad0944b3d7a4bf107a122d66b40008') in 0.019795 seconds 
========================================================================
Received Import Request.
  Time since last request: 1543.848182 seconds.
  path: Assets/Tiles/Overworld/Water.asset
  artifactKey: Guid(79aa6c841535f644da1b69855e6162bd) Importer(815301076,1909f56bfc062723c751e8b465ee728b)
Start importing Assets/Tiles/Overworld/Water.asset using Guid(79aa6c841535f644da1b69855e6162bd) Importer(815301076,1909f56bfc062723c751e8b465ee728b)  -> (artifact id: 'e4b0fc2ddfbc75c45d81c150e57fde14') in 0.017785 seconds 
========================================================================
Received Import Request.
  Time since last request: 581.380870 seconds.
  path: Assets/Tiles/Overworld/OverworldPalette.prefab
  artifactKey: Guid(6b4f175312a44024d81f6772ecfa88aa) Importer(815301076,1909f56bfc062723c751e8b465ee728b)
Start importing Assets/Tiles/Overworld/OverworldPalette.prefab using Guid(6b4f175312a44024d81f6772ecfa88aa) Importer(815301076,1909f56bfc062723c751e8b465ee728b)  -> (artifact id: 'b3e6ff347bcadb42e5f1c45656aac61a') in 0.013660 seconds 
========================================================================
Received Import Request.
  Time since last request: 0.000021 seconds.
  path: Assets/Tiles/Overworld/Water.asset
  artifactKey: Guid(79aa6c841535f644da1b69855e6162bd) Importer(815301076,1909f56bfc062723c751e8b465ee728b)
Start importing Assets/Tiles/Overworld/Water.asset using Guid(79aa6c841535f644da1b69855e6162bd) Importer(815301076,1909f56bfc062723c751e8b465ee728b)  -> (artifact id: '9b7174bf39fc356e07721ca46255720e') in 0.006634 seconds 
========================================================================
Received Import Request.
  Time since last request: 249.922548 seconds.
  path: Assets/Tiles/Test/Overworld_7.asset
  artifactKey: Guid(e60d7eb2d7dc2844089d68a35148e407) Importer(815301076,1909f56bfc062723c751e8b465ee728b)
Start importing Assets/Tiles/Test/Overworld_7.asset using Guid(e60d7eb2d7dc2844089d68a35148e407) Importer(815301076,1909f56bfc062723c751e8b465ee728b)  -> (artifact id: 'ec87835bd4f8ac998a491359adb2bb81') in 0.014625 seconds 
========================================================================
Received Import Request.
  Time since last request: 0.000024 seconds.
  path: Assets/Tiles/Test/Overworld_25.asset
  artifactKey: Guid(43fc1d5bb73ee774b937ffdc4bc488f4) Importer(815301076,1909f56bfc062723c751e8b465ee728b)
Start importing Assets/Tiles/Test/Overworld_25.asset using Guid(43fc1d5bb73ee774b937ffdc4bc488f4) Importer(815301076,1909f56bfc062723c751e8b465ee728b)  -> (artifact id: 'b86e70ffd43a8a2cc61a671af537ed72') in 0.012197 seconds 
========================================================================
Received Import Request.
  Time since last request: 0.000029 seconds.
  path: Assets/Tiles/Test/Overworld_23.asset
  artifactKey: Guid(ec45410f102491342af5ad6009693fcf) Importer(815301076,1909f56bfc062723c751e8b465ee728b)
Start importing Assets/Tiles/Test/Overworld_23.asset using Guid(ec45410f102491342af5ad6009693fcf) Importer(815301076,1909f56bfc062723c751e8b465ee728b)  -> (artifact id: 'a646a054eef32b563d5359d9df2e7647') in 0.012162 seconds 
========================================================================
Received Import Request.
  Time since last request: 0.000017 seconds.
  path: Assets/Tiles/Test/Overworld_12.asset
  artifactKey: Guid(dfbaae0e2eb28e24bbb740cb9cfe5d86) Importer(815301076,1909f56bfc062723c751e8b465ee728b)
Start importing Assets/Tiles/Test/Overworld_12.asset using Guid(dfbaae0e2eb28e24bbb740cb9cfe5d86) Importer(815301076,1909f56bfc062723c751e8b465ee728b)  -> (artifact id: 'd55735c8424b4ec4b63d76cefe7f97f2') in 0.011942 seconds 
========================================================================
Received Import Request.
  Time since last request: 0.000018 seconds.
  path: Assets/Tiles/Test/Overworld_10.asset
  artifactKey: Guid(c7bc83b032840af4eaa769cb6824886c) Importer(815301076,1909f56bfc062723c751e8b465ee728b)
Start importing Assets/Tiles/Test/Overworld_10.asset using Guid(c7bc83b032840af4eaa769cb6824886c) Importer(815301076,1909f56bfc062723c751e8b465ee728b)  -> (artifact id: '25eb847dd25ae2cbfb6ed37463a72f46') in 0.013110 seconds 
========================================================================
Received Import Request.
  Time since last request: 0.000021 seconds.
  path: Assets/Tiles/Test/Overworld_28.asset
  artifactKey: Guid(be727eae1d5d1084a9112dbbf55a0404) Importer(815301076,1909f56bfc062723c751e8b465ee728b)
Start importing Assets/Tiles/Test/Overworld_28.asset using Guid(be727eae1d5d1084a9112dbbf55a0404) Importer(815301076,1909f56bfc062723c751e8b465ee728b)  -> (artifact id: '6a4082b7006e1ef50f5cbe1c8d797f5b') in 0.014919 seconds 
========================================================================
Received Import Request.
  Time since last request: 0.000017 seconds.
  path: Assets/Tiles/Test/Overworld_18.asset
  artifactKey: Guid(12ccb83f9447c17419856ad911b5b914) Importer(815301076,1909f56bfc062723c751e8b465ee728b)
Start importing Assets/Tiles/Test/Overworld_18.asset using Guid(12ccb83f9447c17419856ad911b5b914) Importer(815301076,1909f56bfc062723c751e8b465ee728b)  -> (artifact id: '5fb951ed6a4259f5311723c6fc04e9bf') in 0.012240 seconds 
========================================================================
Received Import Request.
  Time since last request: 0.000022 seconds.
  path: Assets/Tiles/Test/Overworld_15.asset
  artifactKey: Guid(4889bd985e58e8c4b9a848425e6ff4e0) Importer(815301076,1909f56bfc062723c751e8b465ee728b)
Start importing Assets/Tiles/Test/Overworld_15.asset using Guid(4889bd985e58e8c4b9a848425e6ff4e0) Importer(815301076,1909f56bfc062723c751e8b465ee728b)  -> (artifact id: '8ce094b3f07b011a7452e092fc7b551f') in 0.012457 seconds 
========================================================================
Received Import Request.
  Time since last request: 0.000018 seconds.
  path: Assets/Tiles/Test/Overworld_14.asset
  artifactKey: Guid(b7ce5964529641e4bab3aa9c7e5982dd) Importer(815301076,1909f56bfc062723c751e8b465ee728b)
Start importing Assets/Tiles/Test/Overworld_14.asset using Guid(b7ce5964529641e4bab3aa9c7e5982dd) Importer(815301076,1909f56bfc062723c751e8b465ee728b)  -> (artifact id: '0326181bd5b2cf8f2376c0a2aacaa7f0') in 0.012014 seconds 
========================================================================
Received Import Request.
  Time since last request: 0.000022 seconds.
  path: Assets/Tiles/Test/Overworld_16.asset
  artifactKey: Guid(3226f937c814876468f63d252d3207be) Importer(815301076,1909f56bfc062723c751e8b465ee728b)
Start importing Assets/Tiles/Test/Overworld_16.asset using Guid(3226f937c814876468f63d252d3207be) Importer(815301076,1909f56bfc062723c751e8b465ee728b)  -> (artifact id: 'aca1c8a0d2793254308bf4c0a0f6e48f') in 0.013674 seconds 
========================================================================
Received Import Request.
  Time since last request: 0.000018 seconds.
  path: Assets/Tiles/Test/Overworld_17.asset
  artifactKey: Guid(e1782d3230d9efd4890b6d9039ecec1b) Importer(815301076,1909f56bfc062723c751e8b465ee728b)
Start importing Assets/Tiles/Test/Overworld_17.asset using Guid(e1782d3230d9efd4890b6d9039ecec1b) Importer(815301076,1909f56bfc062723c751e8b465ee728b)  -> (artifact id: 'daa376062a9310ed7286d9106f786bf2') in 0.012637 seconds 
========================================================================
Received Import Request.
  Time since last request: 2.898490 seconds.
  path: Assets/Tiles/Test/Overworld_30.asset
  artifactKey: Guid(f3a346b5519269443b8d992bd308087a) Importer(815301076,1909f56bfc062723c751e8b465ee728b)
Start importing Assets/Tiles/Test/Overworld_30.asset using Guid(f3a346b5519269443b8d992bd308087a) Importer(815301076,1909f56bfc062723c751e8b465ee728b)  -> (artifact id: 'e2729f93dc7bf17aed41333c9d8ea80b') in 0.011369 seconds 
========================================================================
Received Import Request.
  Time since last request: 0.000018 seconds.
  path: Assets/Tiles/Test/Overworld_32.asset
  artifactKey: Guid(cde041c71be1e3040855446f7732cffa) Importer(815301076,1909f56bfc062723c751e8b465ee728b)
Start importing Assets/Tiles/Test/Overworld_32.asset using Guid(cde041c71be1e3040855446f7732cffa) Importer(815301076,1909f56bfc062723c751e8b465ee728b)  -> (artifact id: 'fd9b275115eb5af3749f8e84c3a7f598') in 0.012245 seconds 
========================================================================
Received Import Request.
  Time since last request: 0.000017 seconds.
  path: Assets/Tiles/Test/Overworld_31.asset
  artifactKey: Guid(23a037bf3a946af49b1f053daa256e3f) Importer(815301076,1909f56bfc062723c751e8b465ee728b)
Start importing Assets/Tiles/Test/Overworld_31.asset using Guid(23a037bf3a946af49b1f053daa256e3f) Importer(815301076,1909f56bfc062723c751e8b465ee728b)  -> (artifact id: 'ade6c44d1d5b34de1b134640ca526124') in 0.010758 seconds 
========================================================================
Received Import Request.
  Time since last request: 0.015670 seconds.
  path: Assets/Tiles/Test/Overworld_35.asset
  artifactKey: Guid(741efc5f795bfb74681c22f77813e21e) Importer(815301076,1909f56bfc062723c751e8b465ee728b)
Start importing Assets/Tiles/Test/Overworld_35.asset using Guid(741efc5f795bfb74681c22f77813e21e) Importer(815301076,1909f56bfc062723c751e8b465ee728b)  -> (artifact id: '2d033b25a8e9e4b6c542ebb2664f4ba5') in 0.012934 seconds 
========================================================================
Received Import Request.
  Time since last request: 0.000023 seconds.
  path: Assets/Tiles/Test/Overworld_36.asset
  artifactKey: Guid(424ff6addc6f3904a874ac58f6fc0dc5) Importer(815301076,1909f56bfc062723c751e8b465ee728b)
Start importing Assets/Tiles/Test/Overworld_36.asset using Guid(424ff6addc6f3904a874ac58f6fc0dc5) Importer(815301076,1909f56bfc062723c751e8b465ee728b)  -> (artifact id: '90ac66e0901e2e8cc74db5c41ad930e1') in 0.012709 seconds 
Editor requested this worker to shutdown with reason: Scaling down because of idle timeout
AssetImportWorker is now disconnected from the server
Process exiting
Exiting without the bug reporter. Application will terminate with return code 0